<?xml version="1.0" encoding="UTF-8"?>
<robot generator="Robot 5.0 (Python 3.10.0 on win32)" generated="20220510 09:42:27.401" rpa="false" schemaversion="3">
<suite id="s1" name="Verify Invalid Credential Suite" source="C:\Users\Hiiii\Desktop\Orange_HRM_Automation\Login_Suite\verify_invalid_credential_suite.robot">
<test id="s1-t1" name="TC1" line="21">
<kw name="Launch Browser" library="Commonfunctionality" type="SETUP">
<kw name="Append To Environment Variable" library="OperatingSystem">
<arg>Path</arg>
<arg>${EXECDIR}${/}driver</arg>
<doc>Appends given ``values`` to environment variable ``name``.</doc>
<msg timestamp="20220510 09:42:27.931" level="INFO">Environment variable 'Path' set to value 'C:\Program Files\Python310\Scripts\;C:\Program Files\Python310\;C:\Program Files\Amazon Corretto\jdk11.0.12_7\bin;C:\WINDOWS\system32;C:\WINDOWS;C:\WINDOWS\System32\Wbem;C:\WINDOWS\System32\WindowsPowerShell\v1.0\;C:\WINDOWS\System32\OpenSSH\;C:\msys64\mingw64\bin;C;C:\Program Files\Git\cmd;C:\Users\Hiiii\AppData\Roaming\Python\Python310\Scripts;C:\Users\Hiiii\AppData\Local\Microsoft\WindowsApps;;C:\Users\Hiiii\AppData\Local\Programs\Microsoft VS Code\bin;C:\Users\Hiiii\Desktop\Orange_HRM_Automation\driver'.</msg>
<status status="PASS" starttime="20220510 09:42:27.930" endtime="20220510 09:42:27.931"/>
</kw>
<kw name="Open Browser" library="SeleniumLibrary">
<arg>browser= ${BROWSER}</arg>
<doc>Opens a new browser instance to the optional ``url``.</doc>
<msg timestamp="20220510 09:42:27.932" level="INFO">Opening browser ' chrome' to base url 'None'.</msg>
<status status="PASS" starttime="20220510 09:42:27.931" endtime="20220510 09:42:29.990"/>
</kw>
<kw name="Maximize Browser Window" library="SeleniumLibrary">
<doc>Maximizes current browser window.</doc>
<status status="PASS" starttime="20220510 09:42:29.990" endtime="20220510 09:42:30.175"/>
</kw>
<kw name="Set Selenium Implicit Wait" library="SeleniumLibrary">
<arg>30s</arg>
<doc>Sets the implicit wait value used by Selenium.</doc>
<status status="PASS" starttime="20220510 09:42:30.175" endtime="20220510 09:42:30.180"/>
</kw>
<kw name="Set Screenshot Directory" library="SeleniumLibrary">
<arg>${EXECDIR}${/}Screenshots</arg>
<doc>Sets the directory for captured screenshots.</doc>
<status status="PASS" starttime="20220510 09:42:30.180" endtime="20220510 09:42:30.180"/>
</kw>
<kw name="Go To" library="SeleniumLibrary">
<arg>url=https://opensource-demo.orangehrmlive.com/</arg>
<doc>Navigates the current browser window to the provided ``url``.</doc>
<msg timestamp="20220510 09:42:30.184" level="INFO">Opening url 'https://opensource-demo.orangehrmlive.com/'</msg>
<status status="PASS" starttime="20220510 09:42:30.183" endtime="20220510 09:42:38.983"/>
</kw>
<status status="PASS" starttime="20220510 09:42:27.929" endtime="20220510 09:42:38.983"/>
</kw>
<kw name="Invalid Credential Templates">
<arg>john</arg>
<arg>john123</arg>
<arg>Invalid credentials</arg>
<kw name="Input Text" library="SeleniumLibrary">
<arg>id=txtUsername</arg>
<arg>${username}</arg>
<doc>Types the given ``text`` into the text field identified by ``locator``.</doc>
<msg timestamp="20220510 09:42:38.983" level="INFO">Typing text 'john' into text field 'id=txtUsername'.</msg>
<status status="PASS" starttime="20220510 09:42:38.983" endtime="20220510 09:42:39.143"/>
</kw>
<kw name="Input Password" library="SeleniumLibrary">
<arg>id=txtPassword</arg>
<arg>${password}</arg>
<doc>Types the given password into the text field identified by ``locator``.</doc>
<msg timestamp="20220510 09:42:39.143" level="INFO">Typing password into text field 'id=txtPassword'.</msg>
<msg timestamp="20220510 09:42:39.220" level="INFO">Temporally setting log level to: NONE</msg>
<msg timestamp="20220510 09:42:39.326" level="INFO">Log level changed from NONE to INFO.</msg>
<status status="PASS" starttime="20220510 09:42:39.143" endtime="20220510 09:42:39.326"/>
</kw>
<kw name="Click Element" library="SeleniumLibrary">
<arg>id=btnLogin</arg>
<doc>Click the element identified by ``locator``.</doc>
<msg timestamp="20220510 09:42:39.327" level="INFO">Clicking element 'id=btnLogin'.</msg>
<status status="PASS" starttime="20220510 09:42:39.327" endtime="20220510 09:42:41.644"/>
</kw>
<kw name="Element Text Should Be" library="SeleniumLibrary">
<arg>id=spanMessage</arg>
<arg>expected=${expected_error}</arg>
<doc>Verifies that element ``locator`` contains exact the text ``expected``.</doc>
<msg timestamp="20220510 09:42:41.652" level="INFO">Verifying element 'id=spanMessage' contains exact text 'Invalid credentials'.</msg>
<status status="PASS" starttime="20220510 09:42:41.647" endtime="20220510 09:42:41.768"/>
</kw>
<status status="PASS" starttime="20220510 09:42:38.983" endtime="20220510 09:42:41.768"/>
</kw>
<kw name="Close Browser" library="SeleniumLibrary" type="TEARDOWN">
<doc>Closes the current browser.</doc>
<status status="PASS" starttime="20220510 09:42:41.768" endtime="20220510 09:42:44.089"/>
</kw>
<status status="PASS" starttime="20220510 09:42:27.927" endtime="20220510 09:42:44.091"/>
</test>
<test id="s1-t2" name="TC2" line="22">
<kw name="Launch Browser" library="Commonfunctionality" type="SETUP">
<kw name="Append To Environment Variable" library="OperatingSystem">
<arg>Path</arg>
<arg>${EXECDIR}${/}driver</arg>
<doc>Appends given ``values`` to environment variable ``name``.</doc>
<msg timestamp="20220510 09:42:44.100" level="INFO">Environment variable 'Path' set to value 'C:\Program Files\Python310\Scripts\;C:\Program Files\Python310\;C:\Program Files\Amazon Corretto\jdk11.0.12_7\bin;C:\WINDOWS\system32;C:\WINDOWS;C:\WINDOWS\System32\Wbem;C:\WINDOWS\System32\WindowsPowerShell\v1.0\;C:\WINDOWS\System32\OpenSSH\;C:\msys64\mingw64\bin;C;C:\Program Files\Git\cmd;C:\Users\Hiiii\AppData\Roaming\Python\Python310\Scripts;C:\Users\Hiiii\AppData\Local\Microsoft\WindowsApps;;C:\Users\Hiiii\AppData\Local\Programs\Microsoft VS Code\bin;C:\Users\Hiiii\Desktop\Orange_HRM_Automation\driver;C:\Users\Hiiii\Desktop\Orange_HRM_Automation\driver'.</msg>
<status status="PASS" starttime="20220510 09:42:44.100" endtime="20220510 09:42:44.100"/>
</kw>
<kw name="Open Browser" library="SeleniumLibrary">
<arg>browser= ${BROWSER}</arg>
<doc>Opens a new browser instance to the optional ``url``.</doc>
<msg timestamp="20220510 09:42:44.100" level="INFO">Opening browser ' chrome' to base url 'None'.</msg>
<status status="PASS" starttime="20220510 09:42:44.100" endtime="20220510 09:42:46.074"/>
</kw>
<kw name="Maximize Browser Window" library="SeleniumLibrary">
<doc>Maximizes current browser window.</doc>
<status status="PASS" starttime="20220510 09:42:46.074" endtime="20220510 09:42:46.349"/>
</kw>
<kw name="Set Selenium Implicit Wait" library="SeleniumLibrary">
<arg>30s</arg>
<doc>Sets the implicit wait value used by Selenium.</doc>
<status status="PASS" starttime="20220510 09:42:46.349" endtime="20220510 09:42:46.351"/>
</kw>
<kw name="Set Screenshot Directory" library="SeleniumLibrary">
<arg>${EXECDIR}${/}Screenshots</arg>
<doc>Sets the directory for captured screenshots.</doc>
<status status="PASS" starttime="20220510 09:42:46.352" endtime="20220510 09:42:46.353"/>
</kw>
<kw name="Go To" library="SeleniumLibrary">
<arg>url=https://opensource-demo.orangehrmlive.com/</arg>
<doc>Navigates the current browser window to the provided ``url``.</doc>
<msg timestamp="20220510 09:42:46.353" level="INFO">Opening url 'https://opensource-demo.orangehrmlive.com/'</msg>
<status status="PASS" starttime="20220510 09:42:46.353" endtime="20220510 09:42:55.275"/>
</kw>
<status status="PASS" starttime="20220510 09:42:44.100" endtime="20220510 09:42:55.275"/>
</kw>
<kw name="Invalid Credential Templates">
<arg>peter</arg>
<arg>peter123</arg>
<arg>Invalid credentials</arg>
<kw name="Input Text" library="SeleniumLibrary">
<arg>id=txtUsername</arg>
<arg>${username}</arg>
<doc>Types the given ``text`` into the text field identified by ``locator``.</doc>
<msg timestamp="20220510 09:42:55.275" level="INFO">Typing text 'peter' into text field 'id=txtUsername'.</msg>
<status status="PASS" starttime="20220510 09:42:55.275" endtime="20220510 09:42:55.458"/>
</kw>
<kw name="Input Password" library="SeleniumLibrary">
<arg>id=txtPassword</arg>
<arg>${password}</arg>
<doc>Types the given password into the text field identified by ``locator``.</doc>
<msg timestamp="20220510 09:42:55.459" level="INFO">Typing password into text field 'id=txtPassword'.</msg>
<msg timestamp="20220510 09:42:55.535" level="INFO">Temporally setting log level to: NONE</msg>
<msg timestamp="20220510 09:42:55.638" level="INFO">Log level changed from NONE to INFO.</msg>
<status status="PASS" starttime="20220510 09:42:55.458" endtime="20220510 09:42:55.638"/>
</kw>
<kw name="Click Element" library="SeleniumLibrary">
<arg>id=btnLogin</arg>
<doc>Click the element identified by ``locator``.</doc>
<msg timestamp="20220510 09:42:55.639" level="INFO">Clicking element 'id=btnLogin'.</msg>
<status status="PASS" starttime="20220510 09:42:55.639" endtime="20220510 09:42:57.883"/>
</kw>
<kw name="Element Text Should Be" library="SeleniumLibrary">
<arg>id=spanMessage</arg>
<arg>expected=${expected_error}</arg>
<doc>Verifies that element ``locator`` contains exact the text ``expected``.</doc>
<msg timestamp="20220510 09:42:57.888" level="INFO">Verifying element 'id=spanMessage' contains exact text 'Invalid credentials'.</msg>
<status status="PASS" starttime="20220510 09:42:57.884" endtime="20220510 09:42:58.002"/>
</kw>
<status status="PASS" starttime="20220510 09:42:55.275" endtime="20220510 09:42:58.002"/>
</kw>
<kw name="Close Browser" library="SeleniumLibrary" type="TEARDOWN">
<doc>Closes the current browser.</doc>
<status status="PASS" starttime="20220510 09:42:58.002" endtime="20220510 09:43:00.307"/>
</kw>
<status status="PASS" starttime="20220510 09:42:44.100" endtime="20220510 09:43:00.309"/>
</test>
<doc>This suite will handle valid credential
test -TC_OH_2</doc>
<status status="PASS" starttime="20220510 09:42:27.404" endtime="20220510 09:43:00.317"/>
</suite>
<statistics>
<total>
<stat pass="2" fail="0" skip="0">All Tests</stat>
</total>
<tag>
</tag>
<suite>
<stat pass="2" fail="0" skip="0" id="s1" name="Verify Invalid Credential Suite">Verify Invalid Credential Suite</stat>
</suite>
</statistics>
<errors>
</errors>
</robot>
